[05-Mar-2021 21:34:27 UTC] PHP Deprecated:  Unparenthesized `a ? b : c ? d : e` is deprecated. Use either `(a ? b : c) ? d : e` or `a ? b : (c ? d : e)` in /Users/yasser/code/sites/scml2020/app/Http/Controllers/WelcomeController.php on line 22
[05-Mar-2021 21:34:27 UTC] PHP Deprecated:  Unparenthesized `a ? b : c ? d : e` is deprecated. Use either `(a ? b : c) ? d : e` or `a ? b : (c ? d : e)` in /Users/yasser/code/sites/scml2020/app/Tournament.php on line 89
[06-Mar-2021 04:36:27 UTC] PHP Deprecated:  Unparenthesized `a ? b : c ? d : e` is deprecated. Use either `(a ? b : c) ? d : e` or `a ? b : (c ? d : e)` in /Users/yasser/code/sites/scml2020/app/Http/Controllers/WelcomeController.php on line 22
[06-Mar-2021 08:48:38 UTC] PHP Fatal error:  'continue' operator with non-integer operand is no longer supported in /Users/yasser/code/sites/scml2020/app/Http/Controllers/APIController.php on line 57
[06-Mar-2021 08:55:09 UTC] PHP Deprecated:  Unparenthesized `a ? b : c ? d : e` is deprecated. Use either `(a ? b : c) ? d : e` or `a ? b : (c ? d : e)` in /Users/yasser/code/sites/scml2020/app/Http/Controllers/APIController.php on line 121
[06-Mar-2021 10:45:54 UTC] PHP Deprecated:  Unparenthesized `a ? b : c ? d : e` is deprecated. Use either `(a ? b : c) ? d : e` or `a ? b : (c ? d : e)` in /Users/yasser/code/sites/scml2020/app/Http/Controllers/HomeController.php on line 83
[06-Mar-2021 10:47:34 UTC] PHP Deprecated:  Unparenthesized `a ? b : c ? d : e` is deprecated. Use either `(a ? b : c) ? d : e` or `a ? b : (c ? d : e)` in /Users/yasser/code/sites/scml2020/app/Http/Controllers/HomeController.php on line 81
[06-Mar-2021 10:47:34 UTC] PHP Deprecated:  Unparenthesized `a ? b : c ? d : e` is deprecated. Use either `(a ? b : c) ? d : e` or `a ? b : (c ? d : e)` in /Users/yasser/code/sites/scml2020/app/Http/Controllers/HomeController.php on line 91
[06-Mar-2021 11:09:22 UTC] PHP Deprecated:  Unparenthesized `a ? b : c ? d : e` is deprecated. Use either `(a ? b : c) ? d : e` or `a ? b : (c ? d : e)` in /Users/yasser/code/sites/scml2020/app/Http/Controllers/APIController.php on line 122
[06-Mar-2021 11:22:04 UTC] PHP Deprecated:  Unparenthesized `a ? b : c ? d : e` is deprecated. Use either `(a ? b : c) ? d : e` or `a ? b : (c ? d : e)` in /Users/yasser/code/sites/scml2020/app/Http/Controllers/APIController.php on line 109
[06-Mar-2021 11:40:24 UTC] PHP Deprecated:  Unparenthesized `a ? b : c ? d : e` is deprecated. Use either `(a ? b : c) ? d : e` or `a ? b : (c ? d : e)` in /Users/yasser/code/sites/scml2020/app/Http/Controllers/APIController.php on line 109
[06-Mar-2021 11:49:42 UTC] PHP Deprecated:  Unparenthesized `a ? b : c ? d : e` is deprecated. Use either `(a ? b : c) ? d : e` or `a ? b : (c ? d : e)` in /Users/yasser/code/sites/scml2020/app/Tournament.php on line 90
[07-Mar-2021 10:23:09 UTC] PHP Deprecated:  Unparenthesized `a ? b : c ? d : e` is deprecated. Use either `(a ? b : c) ? d : e` or `a ? b : (c ? d : e)` in /Users/yasser/code/sites/scml2020/app/Http/Controllers/HomeController.php on line 81
[07-Mar-2021 10:23:09 UTC] PHP Deprecated:  Unparenthesized `a ? b : c ? d : e` is deprecated. Use either `(a ? b : c) ? d : e` or `a ? b : (c ? d : e)` in /Users/yasser/code/sites/scml2020/app/Http/Controllers/HomeController.php on line 91
[07-Mar-2021 10:28:06 UTC] PHP Deprecated:  Unparenthesized `a ? b : c ? d : e` is deprecated. Use either `(a ? b : c) ? d : e` or `a ? b : (c ? d : e)` in /Users/yasser/code/sites/scml2020/app/Http/Controllers/HomeController.php on line 81
[07-Mar-2021 10:28:06 UTC] PHP Deprecated:  Unparenthesized `a ? b : c ? d : e` is deprecated. Use either `(a ? b : c) ? d : e` or `a ? b : (c ? d : e)` in /Users/yasser/code/sites/scml2020/app/Http/Controllers/HomeController.php on line 91
[11-Mar-2021 02:38:35 UTC] PHP Deprecated:  Unparenthesized `a ? b : c ? d : e` is deprecated. Use either `(a ? b : c) ? d : e` or `a ? b : (c ? d : e)` in /Users/yasser/code/sites/scml2020/app/Http/Controllers/WelcomeController.php on line 22
[11-Mar-2021 02:38:35 UTC] PHP Deprecated:  Unparenthesized `a ? b : c ? d : e` is deprecated. Use either `(a ? b : c) ? d : e` or `a ? b : (c ? d : e)` in /Users/yasser/code/sites/scml2020/app/Tournament.php on line 90
[11-Mar-2021 08:48:33 UTC] PHP Deprecated:  Unparenthesized `a ? b : c ? d : e` is deprecated. Use either `(a ? b : c) ? d : e` or `a ? b : (c ? d : e)` in /Users/yasser/code/sites/scml2020/app/Http/Controllers/HomeController.php on line 81
[11-Mar-2021 08:48:33 UTC] PHP Deprecated:  Unparenthesized `a ? b : c ? d : e` is deprecated. Use either `(a ? b : c) ? d : e` or `a ? b : (c ? d : e)` in /Users/yasser/code/sites/scml2020/app/Http/Controllers/HomeController.php on line 91
[19-Mar-2021 23:06:27 UTC] PHP Deprecated:  Unparenthesized `a ? b : c ? d : e` is deprecated. Use either `(a ? b : c) ? d : e` or `a ? b : (c ? d : e)` in /Users/yasser/code/sites/scml2020/app/Http/Controllers/WelcomeController.php on line 22
[19-Mar-2021 23:06:27 UTC] PHP Deprecated:  Unparenthesized `a ? b : c ? d : e` is deprecated. Use either `(a ? b : c) ? d : e` or `a ? b : (c ? d : e)` in /Users/yasser/code/sites/scml2020/app/Tournament.php on line 89
[21-Mar-2021 00:34:11 UTC] PHP Deprecated:  Unparenthesized `a ? b : c ? d : e` is deprecated. Use either `(a ? b : c) ? d : e` or `a ? b : (c ? d : e)` in /Users/yasser/code/sites/scml2020/app/Http/Controllers/WelcomeController.php on line 22
[21-Mar-2021 00:34:41 UTC] PHP Deprecated:  Unparenthesized `a ? b : c ? d : e` is deprecated. Use either `(a ? b : c) ? d : e` or `a ? b : (c ? d : e)` in /Users/yasser/code/sites/scml2020/app/Http/Controllers/WelcomeController.php on line 22
[21-Mar-2021 00:35:00 UTC] PHP Deprecated:  Unparenthesized `a ? b : c ? d : e` is deprecated. Use either `(a ? b : c) ? d : e` or `a ? b : (c ? d : e)` in /Users/yasser/code/sites/scml2020/app/Http/Controllers/WelcomeController.php on line 22
[21-Mar-2021 00:35:47 UTC] PHP Deprecated:  Unparenthesized `a ? b : c ? d : e` is deprecated. Use either `(a ? b : c) ? d : e` or `a ? b : (c ? d : e)` in /Users/yasser/code/sites/scml2020/app/Http/Controllers/WelcomeController.php on line 22
[21-Mar-2021 00:36:44 UTC] PHP Deprecated:  Unparenthesized `a ? b : c ? d : e` is deprecated. Use either `(a ? b : c) ? d : e` or `a ? b : (c ? d : e)` in /Users/yasser/code/sites/scml2020/app/Http/Controllers/WelcomeController.php on line 22
[21-Mar-2021 00:36:44 UTC] PHP Deprecated:  Unparenthesized `a ? b : c ? d : e` is deprecated. Use either `(a ? b : c) ? d : e` or `a ? b : (c ? d : e)` in /Users/yasser/code/sites/scml2020/app/Http/Controllers/WelcomeController.php on line 30
[30-Mar-2021 03:19:52 UTC] PHP Deprecated:  Unparenthesized `a ? b : c ? d : e` is deprecated. Use either `(a ? b : c) ? d : e` or `a ? b : (c ? d : e)` in /Users/yasser/code/sites/scml2020/app/Tournament.php on line 89
[02-Apr-2021 08:14:46 UTC] PHP Deprecated:  Unparenthesized `a ? b : c ? d : e` is deprecated. Use either `(a ? b : c) ? d : e` or `a ? b : (c ? d : e)` in /Users/yasser/code/sites/scml2020/app/Tournament.php on line 89
[02-Apr-2021 08:16:53 UTC] PHP Deprecated:  Unparenthesized `a ? b : c ? d : e` is deprecated. Use either `(a ? b : c) ? d : e` or `a ? b : (c ? d : e)` in /Users/yasser/code/sites/scml2020/app/Http/Controllers/HomeController.php on line 81
[02-Apr-2021 08:16:53 UTC] PHP Deprecated:  Unparenthesized `a ? b : c ? d : e` is deprecated. Use either `(a ? b : c) ? d : e` or `a ? b : (c ? d : e)` in /Users/yasser/code/sites/scml2020/app/Http/Controllers/HomeController.php on line 91
