18/04/22 (10:06:41) | ERROR: Exception while getting cpu frequency!
18/04/22 (10:06:41) | ERROR: [Errno 2] No such file or directory (originated from sysctlbyname('hw.cpufrequency'))
Traceback (most recent call last):
  File "/opt/homebrew/bin/bpytop", line 3080, in _collect
    if CONFIG.show_cpu_freq and hasattr(psutil.cpu_freq(), "current"):
  File "/opt/homebrew/Cellar/bpytop/1.0.68/libexec/lib/python3.10/site-packages/psutil/__init__.py", line 1859, in cpu_freq
    ret = _psplatform.cpu_freq()
  File "/opt/homebrew/Cellar/bpytop/1.0.68/libexec/lib/python3.10/site-packages/psutil/_psosx.py", line 180, in cpu_freq
    curr, min_, max_ = cext.cpu_freq()
FileNotFoundError: [Errno 2] No such file or directory (originated from sysctlbyname('hw.cpufrequency'))
18/04/22 (10:07:13) | ERROR: Exception while getting cpu frequency!
18/04/22 (10:07:13) | ERROR: [Errno 2] No such file or directory (originated from sysctlbyname('hw.cpufrequency'))
Traceback (most recent call last):
  File "/opt/homebrew/bin/bpytop", line 3080, in _collect
    if CONFIG.show_cpu_freq and hasattr(psutil.cpu_freq(), "current"):
  File "/opt/homebrew/Cellar/bpytop/1.0.68/libexec/lib/python3.10/site-packages/psutil/__init__.py", line 1859, in cpu_freq
    ret = _psplatform.cpu_freq()
  File "/opt/homebrew/Cellar/bpytop/1.0.68/libexec/lib/python3.10/site-packages/psutil/_psosx.py", line 180, in cpu_freq
    curr, min_, max_ = cext.cpu_freq()
FileNotFoundError: [Errno 2] No such file or directory (originated from sysctlbyname('hw.cpufrequency'))
18/04/22 (10:07:25) | ERROR: Exception while getting cpu frequency!
18/04/22 (10:07:25) | ERROR: [Errno 2] No such file or directory (originated from sysctlbyname('hw.cpufrequency'))
Traceback (most recent call last):
  File "/opt/homebrew/bin/bpytop", line 3080, in _collect
    if CONFIG.show_cpu_freq and hasattr(psutil.cpu_freq(), "current"):
  File "/opt/homebrew/Cellar/bpytop/1.0.68/libexec/lib/python3.10/site-packages/psutil/__init__.py", line 1859, in cpu_freq
    ret = _psplatform.cpu_freq()
  File "/opt/homebrew/Cellar/bpytop/1.0.68/libexec/lib/python3.10/site-packages/psutil/_psosx.py", line 180, in cpu_freq
    curr, min_, max_ = cext.cpu_freq()
FileNotFoundError: [Errno 2] No such file or directory (originated from sysctlbyname('hw.cpufrequency'))
18/04/22 (10:25:35) | ERROR: Exception while getting cpu frequency!
18/04/22 (10:25:35) | ERROR: [Errno 2] No such file or directory (originated from sysctlbyname('hw.cpufrequency'))
Traceback (most recent call last):
  File "/opt/homebrew/bin/bpytop", line 3080, in _collect
    if CONFIG.show_cpu_freq and hasattr(psutil.cpu_freq(), "current"):
  File "/opt/homebrew/Cellar/bpytop/1.0.68/libexec/lib/python3.10/site-packages/psutil/__init__.py", line 1859, in cpu_freq
    ret = _psplatform.cpu_freq()
  File "/opt/homebrew/Cellar/bpytop/1.0.68/libexec/lib/python3.10/site-packages/psutil/_psosx.py", line 180, in cpu_freq
    curr, min_, max_ = cext.cpu_freq()
FileNotFoundError: [Errno 2] No such file or directory (originated from sysctlbyname('hw.cpufrequency'))
20/04/22 (16:51:11) | ERROR: Exception while getting cpu frequency!
20/04/22 (16:51:11) | ERROR: [Errno 2] No such file or directory (originated from sysctlbyname('hw.cpufrequency'))
Traceback (most recent call last):
  File "/opt/homebrew/bin/bpytop", line 3080, in _collect
    if CONFIG.show_cpu_freq and hasattr(psutil.cpu_freq(), "current"):
  File "/opt/homebrew/Cellar/bpytop/1.0.68/libexec/lib/python3.10/site-packages/psutil/__init__.py", line 1859, in cpu_freq
    ret = _psplatform.cpu_freq()
  File "/opt/homebrew/Cellar/bpytop/1.0.68/libexec/lib/python3.10/site-packages/psutil/_psosx.py", line 180, in cpu_freq
    curr, min_, max_ = cext.cpu_freq()
FileNotFoundError: [Errno 2] No such file or directory (originated from sysctlbyname('hw.cpufrequency'))
14/05/22 (12:23:38) | ERROR: Exception while getting cpu frequency!
14/05/22 (12:23:38) | ERROR: [Errno 2] No such file or directory (originated from sysctlbyname('hw.cpufrequency'))
Traceback (most recent call last):
  File "/opt/homebrew/bin/bpytop", line 3080, in _collect
    if CONFIG.show_cpu_freq and hasattr(psutil.cpu_freq(), "current"):
  File "/opt/homebrew/Cellar/bpytop/1.0.68/libexec/lib/python3.10/site-packages/psutil/__init__.py", line 1859, in cpu_freq
    ret = _psplatform.cpu_freq()
  File "/opt/homebrew/Cellar/bpytop/1.0.68/libexec/lib/python3.10/site-packages/psutil/_psosx.py", line 180, in cpu_freq
    curr, min_, max_ = cext.cpu_freq()
FileNotFoundError: [Errno 2] No such file or directory (originated from sysctlbyname('hw.cpufrequency'))
03/09/22 (13:30:36) | ERROR: Exception while getting cpu frequency!
03/09/22 (13:30:36) | ERROR: [Errno 2] No such file or directory (originated from sysctlbyname('hw.cpufrequency'))
Traceback (most recent call last):
  File "/opt/homebrew/bin/bpytop", line 3080, in _collect
    if CONFIG.show_cpu_freq and hasattr(psutil.cpu_freq(), "current"):
  File "/opt/homebrew/Cellar/bpytop/1.0.68/libexec/lib/python3.10/site-packages/psutil/__init__.py", line 1859, in cpu_freq
    ret = _psplatform.cpu_freq()
  File "/opt/homebrew/Cellar/bpytop/1.0.68/libexec/lib/python3.10/site-packages/psutil/_psosx.py", line 180, in cpu_freq
    curr, min_, max_ = cext.cpu_freq()
FileNotFoundError: [Errno 2] No such file or directory (originated from sysctlbyname('hw.cpufrequency'))
